\BOOKMARK [0][-]{chapter.1}{Linux, Command Line and HPC Environment \(Newcomer\)}{}% 1
\BOOKMARK [1][-]{section.1.1}{Logging into remote systems}{chapter.1}% 2
\BOOKMARK [1][-]{section.1.2}{Top 10 commands to learn}{chapter.1}% 3
\BOOKMARK [2][-]{subsection.1.2.1}{ls}{section.1.2}% 4
\BOOKMARK [2][-]{subsection.1.2.2}{cp}{section.1.2}% 5
\BOOKMARK [2][-]{subsection.1.2.3}{rm}{section.1.2}% 6
\BOOKMARK [2][-]{subsection.1.2.4}{mv}{section.1.2}% 7
\BOOKMARK [2][-]{subsection.1.2.5}{pwd}{section.1.2}% 8
\BOOKMARK [2][-]{subsection.1.2.6}{cd}{section.1.2}% 9
\BOOKMARK [2][-]{subsection.1.2.7}{cat and tac}{section.1.2}% 10
\BOOKMARK [2][-]{subsection.1.2.8}{more and less}{section.1.2}% 11
\BOOKMARK [2][-]{subsection.1.2.9}{ln}{section.1.2}% 12
\BOOKMARK [2][-]{subsection.1.2.10}{grep}{section.1.2}% 13
\BOOKMARK [2][-]{subsection.1.2.11}{More commands}{section.1.2}% 14
\BOOKMARK [1][-]{section.1.3}{Text Editors}{chapter.1}% 15
\BOOKMARK [1][-]{section.1.4}{Working with a HPC cluster}{chapter.1}% 16
\BOOKMARK [1][-]{section.1.5}{Managing inputs and outputs}{chapter.1}% 17
\BOOKMARK [1][-]{section.1.6}{Transferring files between systems}{chapter.1}% 18
\BOOKMARK [0][-]{chapter.2}{Scientific Workflows \(Building, HPC Running, and post-processing\)}{}% 19
\BOOKMARK [1][-]{section.2.1}{Building/installing software}{chapter.2}% 20
\BOOKMARK [2][-]{subsection.2.1.1}{Exercises:}{section.2.1}% 21
\BOOKMARK [1][-]{section.2.2}{Using Python packages \(pip and virtualenv\)}{chapter.2}% 22
\BOOKMARK [1][-]{section.2.3}{Basic Scripting}{chapter.2}% 23
\BOOKMARK [1][-]{section.2.4}{Managing the 3 HPC variables \(cores, memory and time\)}{chapter.2}% 24
\BOOKMARK [1][-]{section.2.5}{Job submission, monitoring, debugging and optimization}{chapter.2}% 25
\BOOKMARK [1][-]{section.2.6}{Chaining Job with dependencies}{chapter.2}% 26
\BOOKMARK [1][-]{section.2.7}{Executing many jobs at one, job arrays}{chapter.2}% 27
\BOOKMARK [1][-]{section.2.8}{Parallel jobs \(MPI\)}{chapter.2}% 28
\BOOKMARK [1][-]{section.2.9}{Plotting \(gnuplot, xmgrace and matplotlib\)}{chapter.2}% 29
\BOOKMARK [0][-]{chapter.3}{A glimpse on advanced topics}{}% 30
\BOOKMARK [1][-]{section.3.1}{Advanced Bash/Python Scripting}{chapter.3}% 31
\BOOKMARK [2][-]{subsection.3.1.1}{Regular Expressions with python}{section.3.1}% 32
\BOOKMARK [1][-]{section.3.2}{Programming in C, Fortran and Python}{chapter.3}% 33
\BOOKMARK [2][-]{subsection.3.2.1}{Sieve of Eratosthenes}{section.3.2}% 34
\BOOKMARK [1][-]{section.3.3}{Version control with Github}{chapter.3}% 35
\BOOKMARK [1][-]{section.3.4}{Optimization, Profiling and Debugging}{chapter.3}% 36
\BOOKMARK [1][-]{section.3.5}{Parallel programming with MPI and OpenMP}{chapter.3}% 37
\BOOKMARK [2][-]{subsection.3.5.1}{OpenMP}{section.3.5}% 38
\BOOKMARK [2][-]{subsection.3.5.2}{MPI}{section.3.5}% 39
\BOOKMARK [1][-]{section.3.6}{Creating Python Modules}{chapter.3}% 40
\BOOKMARK [1][-]{section.3.7}{Test Driven Development}{chapter.3}% 41
\BOOKMARK [1][-]{section.3.8}{Continuous Integration}{chapter.3}% 42
